<?xml version="1.0" encoding="UTF-8"?>
<testsuite xmlns:xsi="http://www.w3.org/2001/XMLSchema-instance" xsi:noNamespaceSchemaLocation="https://maven.apache.org/surefire/maven-surefire-plugin/xsd/surefire-test-report-3.0.xsd" version="3.0" name="com.TSI.MovieDatabase.ActorTest" time="0.116" tests="3" errors="0" skipped="0" failures="0">
  <properties>
[...]
</properties>
  <testcase name="actorLastNameTest" classname="com.TSI.MovieDatabase.ActorTest" time="0.062"/>
  <testcase name="actorIdTest" classname="com.TSI.MovieDatabase.ActorTest" time="0"/>
  <testcase name="actorFirstNameTest" classname="com.TSI.MovieDatabase.ActorTest" time="0"/>
</testsuite>